android/app/build/outputs/logs/manifest-merger-debug-report.txt
-- Merging decision tree log ---
manifest
ADDED from src/main/AndroidManifest.xml:1:1-82:12
	package
		ADDED from src/main/AndroidManifest.xml:2:5-28
		INJECTED from src/main/AndroidManifest.xml
		INJECTED from src/main/AndroidManifest.xml
	android:versionName
		ADDED from src/main/AndroidManifest.xml:4:5-30
		INJECTED from src/main/AndroidManifest.xml
		INJECTED from src/main/AndroidManifest.xml
	android:versionCode
		ADDED from src/main/AndroidManifest.xml:3:5-28
		INJECTED from src/main/AndroidManifest.xml
		INJECTED from src/main/AndroidManifest.xml
	xmlns:android
		ADDED from src/main/AndroidManifest.xml:1:11-69
uses-permission#android.permission.SYSTEM_ALERT_WINDOW
ADDED from src/main/AndroidManifest.xml:6:5-77
MERGED from [com.facebook.react:react-native:0.50.4] AndroidManifest.xml:11:5-78
	android:name
		ADDED from src/main/AndroidManifest.xml:6:22-75
uses-permission#android.permission.ACCESS_NETWORK_STATE
ADDED from src/main/AndroidManifest.xml:10:5-79
MERGED from [ShengXian:react-native-wechat:unspecified] AndroidManifest.xml:12:5-79
MERGED from [ShengXian:react-native-alipay:unspecified] AndroidManifest.xml:12:5-79
	android:name
		ADDED from src/main/AndroidManifest.xml:10:22-76
uses-permission#android.permission.ACCESS_WIFI_STATE
ADDED from src/main/AndroidManifest.xml:12:5-76
MERGED from [ShengXian:react-native-wechat:unspecified] AndroidManifest.xml:13:5-76
MERGED from [ShengXian:react-native-alipay:unspecified] AndroidManifest.xml:13:5-76
	android:name
		ADDED from src/main/AndroidManifest.xml:12:22-73
uses-permission#android.permission.CHANGE_WIFI_STATE
ADDED from src/main/AndroidManifest.xml:14:5-76
	android:name
		ADDED from src/main/AndroidManifest.xml:14:22-73
uses-permission#android.permission.CHANGE_CONFIGURATION
ADDED from src/main/AndroidManifest.xml:15:5-79
	android:name
		ADDED from src/main/AndroidManifest.xml:15:22-76
uses-permission#android.permission.CAMERA
ADDED from src/main/AndroidManifest.xml:16:5-65
	android:name
		ADDED from src/main/AndroidManifest.xml:16:22-62
uses-permission#android.permission.INTERNET
ADDED from src/main/AndroidManifest.xml:18:5-67
MERGED from [ShengXian:react-native-wechat:unspecified] AndroidManifest.xml:11:5-67
MERGED from [ShengXian:react-native-code-push:unspecified] AndroidManifest.xml:11:5-67
MERGED from [ShengXian:react-native-alipay:unspecified] AndroidManifest.xml:11:5-67
	android:name
		ADDED from src/main/AndroidManifest.xml:18:22-64
uses-permission#android.permission.ACCESS_COARSE_LOCATION
ADDED from src/main/AndroidManifest.xml:25:5-81
	android:name
		ADDED from src/main/AndroidManifest.xml:25:22-78
uses-permission#android.permission.ACCESS_FINE_LOCATION
ADDED from src/main/AndroidManifest.xml:27:5-79
	android:name
		ADDED from src/main/AndroidManifest.xml:27:22-76
uses-permission#android.permission.ACCESS_LOCATION_EXTRA_COMMANDS
ADDED from src/main/AndroidManifest.xml:29:5-89
	android:name
		ADDED from src/main/AndroidManifest.xml:29:22-86
uses-permission#android.permission.WRITE_EXTERNAL_STORAGE
ADDED from src/main/AndroidManifest.xml:31:5-81
MERGED from [ShengXian:react-native-wechat:unspecified] AndroidManifest.xml:15:5-81
MERGED from [ShengXian:react-native-fs:unspecified] AndroidManifest.xml:11:5-81
MERGED from [ShengXian:react-native-image-crop-picker:unspecified] AndroidManifest.xml:10:5-81
MERGED from [ShengXian:react-native-alipay:unspecified] AndroidManifest.xml:15:5-81
	android:name
		ADDED from src/main/AndroidManifest.xml:31:22-78
uses-permission#android.permission.READ_EXTERNAL_STORAGE
ADDED from src/main/AndroidManifest.xml:33:5-80
	android:name
		ADDED from src/main/AndroidManifest.xml:33:22-77
uses-permission#android.permission.RECORD_AUDIO
ADDED from src/main/AndroidManifest.xml:34:5-71
	android:name
		ADDED from src/main/AndroidManifest.xml:34:22-68
uses-permission#android.permission.READ_PHONE_STATE
ADDED from src/main/AndroidManifest.xml:36:5-75
MERGED from [ShengXian:react-native-wechat:unspecified] AndroidManifest.xml:14:5-75
MERGED from [ShengXian:react-native-alipay:unspecified] AndroidManifest.xml:14:5-75
	android:name
		ADDED from src/main/AndroidManifest.xml:36:22-72
uses-permission#android.permission.WRITE_SETTINGS
ADDED from src/main/AndroidManifest.xml:39:5-73
	android:name
		ADDED from src/main/AndroidManifest.xml:39:22-70
uses-sdk
ADDED from src/main/AndroidManifest.xml:41:5-43:41
MERGED from [ShengXian:react-native-smart-amap-location:unspecified] AndroidManifest.xml:7:5-9:41
MERGED from [ShengXian:react-native-wechat:unspecified] AndroidManifest.xml:7:5-9:41
MERGED from [ShengXian:react-native-image-picker:unspecified] AndroidManifest.xml:7:5-9:41
MERGED from [ShengXian:react-native-linear-gradient:unspecified] AndroidManifest.xml:7:5-9:41
MERGED from [ShengXian:react-native-fs:unspecified] AndroidManifest.xml:7:5-9:41
MERGED from [ShengXian:react-native-audio:unspecified] AndroidManifest.xml:7:5-9:41
MERGED from [ShengXian:react-native-code-push:unspecified] AndroidManifest.xml:7:5-9:41
MERGED from [ShengXian:react-native-sound:unspecified] AndroidManifest.xml:9:5-11:41
MERGED from [ShengXian:react-native-image-crop-picker:unspecified] AndroidManifest.xml:6:5-8:41
MERGED from [id.zelory:compressor:2.1.0] AndroidManifest.xml:8:5-10:41
MERGED from [ShengXian:react-native-picker:unspecified] AndroidManifest.xml:7:5-9:41
MERGED from [ShengXian:react-native-splash-screen:unspecified] AndroidManifest.xml:7:5-9:41
MERGED from [ShengXian:react-native-alipay:unspecified] AndroidManifest.xml:7:5-9:41
MERGED from [ShengXian:react-native-exception-handler:unspecified] AndroidManifest.xml:7:5-9:41
MERGED from [ShengXian:react-native-smart-amap:unspecified] AndroidManifest.xml:7:5-9:41
MERGED from [com.facebook.react:react-native:0.50.4] AndroidManifest.xml:7:5-9:41
MERGED from [com.facebook.fbui.textlayoutbuilder:textlayoutbuilder:1.0.0] AndroidManifest.xml:14:5-16:41
MERGED from [com.facebook.fresco:fresco:1.3.0] AndroidManifest.xml:5:5-7:41
MERGED from [com.facebook.fresco:drawee:1.3.0] AndroidManifest.xml:5:5-7:41
MERGED from [com.facebook.fresco:imagepipeline-okhttp3:1.3.0] AndroidManifest.xml:5:5-7:41
MERGED from [com.facebook.soloader:soloader:0.1.0] AndroidManifest.xml:2:3-70
MERGED from [com.github.yalantis:ucrop:2.2.2-native] AndroidManifest.xml:7:5-9:41
MERGED from [com.android.support:appcompat-v7:27.1.0] AndroidManifest.xml:20:5-44
MERGED from [com.android.support:support-fragment:27.1.0] AndroidManifest.xml:20:5-44
MERGED from [android.arch.lifecycle:livedata-core:1.1.0] AndroidManifest.xml:20:5-44
MERGED from [android.arch.core:runtime:1.1.0] AndroidManifest.xml:20:5-44
MERGED from [android.arch.lifecycle:viewmodel:1.1.0] AndroidManifest.xml:20:5-44
MERGED from [com.android.support:animated-vector-drawable:27.1.0] AndroidManifest.xml:20:5-44
MERGED from [com.android.support:support-vector-drawable:27.1.0] AndroidManifest.xml:20:5-44
MERGED from [com.android.support:support-core-ui:27.1.0] AndroidManifest.xml:20:5-44
MERGED from [com.android.support:support-core-utils:27.1.0] AndroidManifest.xml:20:5-44
MERGED from [com.android.support:support-compat:27.1.0] AndroidManifest.xml:20:5-44
MERGED from [android.arch.lifecycle:runtime:1.1.0] AndroidManifest.xml:20:5-44
MERGED from [com.facebook.fresco:animated-gif:1.3.0] AndroidManifest.xml:5:5-7:41
MERGED from [com.facebook.fresco:animated-base:1.3.0] AndroidManifest.xml:5:5-7:41
MERGED from [com.facebook.fresco:imagepipeline:1.3.0] AndroidManifest.xml:5:5-7:41
MERGED from [com.facebook.fresco:imagepipeline-base:1.3.0] AndroidManifest.xml:5:5-7:41
MERGED from [com.facebook.fresco:fbcore:1.3.0] AndroidManifest.xml:5:5-7:41
	android:targetSdkVersion
		ADDED from src/main/AndroidManifest.xml:43:9-38
		INJECTED from src/main/AndroidManifest.xml
		INJECTED from src/main/AndroidManifest.xml
	android:minSdkVersion
		ADDED from src/main/AndroidManifest.xml:42:9-35
		INJECTED from src/main/AndroidManifest.xml
		INJECTED from src/main/AndroidManifest.xml
application
ADDED from src/main/AndroidManifest.xml:45:5-80:19
MERGED from [ShengXian:react-native-image-picker:unspecified] AndroidManifest.xml:11:5-21:19
MERGED from [ShengXian:react-native-code-push:unspecified] AndroidManifest.xml:13:5-15:19
MERGED from [ShengXian:react-native-image-crop-picker:unspecified] AndroidManifest.xml:12:5-27:19
MERGED from [ShengXian:react-native-splash-screen:unspecified] AndroidManifest.xml:11:5-15:19
MERGED from [ShengXian:react-native-alipay:unspecified] AndroidManifest.xml:17:5-30:19
MERGED from [ShengXian:react-native-exception-handler:unspecified] AndroidManifest.xml:11:5-14:19
MERGED from [com.facebook.react:react-native:0.50.4] AndroidManifest.xml:13:5-20
MERGED from [com.facebook.soloader:soloader:0.1.0] AndroidManifest.xml:3:3-17
MERGED from [org.webkit:android-jsc:r174650] AndroidManifest.xml:2:3-17
	android:label
		ADDED from src/main/AndroidManifest.xml:48:7-39
	android:supportsRtl
		ADDED from [ShengXian:react-native-splash-screen:unspecified] AndroidManifest.xml:14:9-35
	android:allowBackup
		ADDED from src/main/AndroidManifest.xml:47:7-33
	android:icon
		ADDED from src/main/AndroidManifest.xml:49:7-41
	android:theme
		ADDED from src/main/AndroidManifest.xml:50:7-38
	android:name
		ADDED from src/main/AndroidManifest.xml:46:7-38
activity#com.shengxian.MainActivity
ADDED from src/main/AndroidManifest.xml:51:7-61:18
	android:screenOrientation
		ADDED from src/main/AndroidManifest.xml:55:9-45
	android:label
		ADDED from src/main/AndroidManifest.xml:53:9-41
	android:windowSoftInputMode
		ADDED from src/main/AndroidManifest.xml:56:9-51
	android:configChanges
		ADDED from src/main/AndroidManifest.xml:54:9-79
	android:name
		ADDED from src/main/AndroidManifest.xml:52:9-37
intent-filter#android.intent.action.MAIN+android.intent.category.LAUNCHER
ADDED from src/main/AndroidManifest.xml:57:9-60:25
action#android.intent.action.MAIN
ADDED from src/main/AndroidManifest.xml:58:13-65
	android:name
		ADDED from src/main/AndroidManifest.xml:58:21-62
category#android.intent.category.LAUNCHER
ADDED from src/main/AndroidManifest.xml:59:13-73
	android:name
		ADDED from src/main/AndroidManifest.xml:59:23-70
activity#com.shengxian.wxapi.WXEntryActivity
ADDED from src/main/AndroidManifest.xml:62:4-66:7
	android:label
		ADDED from src/main/AndroidManifest.xml:64:7-39
	android:exported
		ADDED from src/main/AndroidManifest.xml:65:7-30
	android:name
		ADDED from src/main/AndroidManifest.xml:63:7-44
activity#com.shengxian.wxapi.WXPayEntryActivity
ADDED from src/main/AndroidManifest.xml:67:4-71:7
	android:label
		ADDED from src/main/AndroidManifest.xml:69:7-39
	android:exported
		ADDED from src/main/AndroidManifest.xml:70:7-30
	android:name
		ADDED from src/main/AndroidManifest.xml:68:7-47
activity#com.facebook.react.devsupport.DevSettingsActivity
ADDED from src/main/AndroidManifest.xml:72:7-84
MERGED from [ShengXian:react-native-code-push:unspecified] AndroidManifest.xml:14:9-86
	android:name
		ADDED from src/main/AndroidManifest.xml:72:17-81
meta-data#com.amap.api.v2.apikey
ADDED from src/main/AndroidManifest.xml:74:9-76:67
	android:value
		ADDED from src/main/AndroidManifest.xml:76:17-65
	android:name
		ADDED from src/main/AndroidManifest.xml:75:17-54
service#com.amap.api.location.APSService
ADDED from src/main/AndroidManifest.xml:78:9-79:19
	android:name
		ADDED from src/main/AndroidManifest.xml:78:18-65
provider#android.support.v4.content.FileProvider
ADDED from [ShengXian:react-native-image-picker:unspecified] AndroidManifest.xml:12:9-20:20
MERGED from [ShengXian:react-native-image-crop-picker:unspecified] AndroidManifest.xml:13:9-21:20
	android:authorities
		ADDED from [ShengXian:react-native-image-picker:unspecified] AndroidManifest.xml:14:13-60
	android:grantUriPermissions
		ADDED from [ShengXian:react-native-image-picker:unspecified] AndroidManifest.xml:16:13-47
	android:exported
		ADDED from [ShengXian:react-native-image-picker:unspecified] AndroidManifest.xml:15:13-37
	android:name
		ADDED from [ShengXian:react-native-image-picker:unspecified] AndroidManifest.xml:13:13-67
meta-data#android.support.FILE_PROVIDER_PATHS
ADDED from [ShengXian:react-native-image-picker:unspecified] AndroidManifest.xml:17:13-19:58
MERGED from [ShengXian:react-native-image-crop-picker:unspecified] AndroidManifest.xml:18:13-20:58
	android:resource
		ADDED from [ShengXian:react-native-image-picker:unspecified] AndroidManifest.xml:19:17-55
	android:name
		ADDED from [ShengXian:react-native-image-picker:unspecified] AndroidManifest.xml:18:17-67
activity#com.yalantis.ucrop.UCropActivity
ADDED from [ShengXian:react-native-image-crop-picker:unspecified] AndroidManifest.xml:23:9-26:72
	android:screenOrientation
		ADDED from [ShengXian:react-native-image-crop-picker:unspecified] AndroidManifest.xml:25:13-49
	android:theme
		ADDED from [ShengXian:react-native-image-crop-picker:unspecified] AndroidManifest.xml:26:13-69
	android:name
		ADDED from [ShengXian:react-native-image-crop-picker:unspecified] AndroidManifest.xml:24:13-60
activity#com.alipay.sdk.app.H5PayActivity
ADDED from [ShengXian:react-native-alipay:unspecified] AndroidManifest.xml:18:9-23:20
	android:screenOrientation
		ADDED from [ShengXian:react-native-alipay:unspecified] AndroidManifest.xml:22:13-47
	android:exported
		ADDED from [ShengXian:react-native-alipay:unspecified] AndroidManifest.xml:21:13-37
	android:configChanges
		ADDED from [ShengXian:react-native-alipay:unspecified] AndroidManifest.xml:20:13-74
	android:name
		ADDED from [ShengXian:react-native-alipay:unspecified] AndroidManifest.xml:19:13-60
activity#com.alipay.sdk.auth.AuthActivity
ADDED from [ShengXian:react-native-alipay:unspecified] AndroidManifest.xml:24:9-29:20
	android:screenOrientation
		ADDED from [ShengXian:react-native-alipay:unspecified] AndroidManifest.xml:28:13-47
	android:exported
		ADDED from [ShengXian:react-native-alipay:unspecified] AndroidManifest.xml:27:13-37
	android:configChanges
		ADDED from [ShengXian:react-native-alipay:unspecified] AndroidManifest.xml:26:13-74
	android:name
		ADDED from [ShengXian:react-native-alipay:unspecified] AndroidManifest.xml:25:13-60
activity#com.masteratul.exceptionhandler.DefaultErrorScreen
ADDED from [ShengXian:react-native-exception-handler:unspecified] AndroidManifest.xml:12:9-13:20
	android:name
		ADDED from [ShengXian:react-native-exception-handler:unspecified] AndroidManifest.xml:12:19-84